--2021-11-11 17:57:34--  https://oposicionesdeinfantilamedida.com/site/wp-admin/
Resolving oposicionesdeinfantilamedida.com... 198.20.115.3
Connecting to oposicionesdeinfantilamedida.com|198.20.115.3|:443... connected.
WARNING: cannot verify oposicionesdeinfantilamedida.com's certificate, issued by `/C=BE/O=GlobalSign nv-sa/CN=AlphaSSL CA - SHA256 - G2':
  Issued certificate has expired.
WARNING: no certificate subject alternative name matches
	requested host name `oposicionesdeinfantilamedida.com'.
HTTP request sent, awaiting response... 302 Found
Location: https://oposicionesdeinfantilamedida.com/site/wp-login.php?redirect_to=https%3A%2F%2Foposicionesdeinfantilamedida.com%2Fsite%2Fwp-admin%2F&reauth=1 [following]
--2021-11-11 17:57:38--  https://oposicionesdeinfantilamedida.com/site/wp-login.php?redirect_to=https%3A%2F%2Foposicionesdeinfantilamedida.com%2Fsite%2Fwp-admin%2F&reauth=1
Reusing existing connection to oposicionesdeinfantilamedida.com:443.
HTTP request sent, awaiting response... 200 OK
Length: 3550 (3.5K) [text/html]
Saving to: `index.html'

     0K ...                                                   100% 1.14G=0s

2021-11-11 17:57:41 (1.14 GB/s) - `index.html' saved [3550/3550]

--2021-11-11 17:57:44--  https://oposicionesdeinfantilamedida.com/site/wp-admin/load-styles.php?c=0&dir=ltr&load%5B%5D=dashicons,buttons,forms,l10n,login&ver=4.9.8
Reusing existing connection to oposicionesdeinfantilamedida.com:443.
HTTP request sent, awaiting response... 200 OK
Length: unspecified [text/css]
Saving to: `load-styles.php@c=0&dir=ltr&load[]=dashicons,buttons,forms,l10n,login&ver=4.9.8.css'

     0K .......... .......... .......... .......... .......... 71.5K
    50K .......... .......... .......... .......... .......... 65.3M
   100K .                                                      36.6G=0.7s

2021-11-11 17:57:48 (146 KB/s) - `load-styles.php@c=0&dir=ltr&load[]=dashicons,buttons,forms,l10n,login&ver=4.9.8.css' saved [104364]

--2021-11-11 17:57:50--  https://oposicionesdeinfantilamedida.com/site/wp-content/plugins/vc-extensions-bundle/css/admin_icon.min.css?ver=4.9.8
Reusing existing connection to oposicionesdeinfantilamedida.com:443.
HTTP request sent, awaiting response... 200 OK
Length: 13258 (13K) [text/css]
Saving to: `admin_icon.min.css@ver=4.9.8.css'

     0K .......... ..                                         100% 26.3K=0.5s

2021-11-11 17:57:53 (26.3 KB/s) - `admin_icon.min.css@ver=4.9.8.css' saved [13258/13258]

--2021-11-11 17:57:55--  https://oposicionesdeinfantilamedida.com/site/wp-includes/fonts/dashicons.eot
Reusing existing connection to oposicionesdeinfantilamedida.com:443.
HTTP request sent, awaiting response... 200 OK
Length: 22449 (22K) [application/vnd.ms-fontobject]
Saving to: `dashicons.eot'

     0K .......... .......... .                               100% 32.8K=0.7s

2021-11-11 17:57:58 (32.8 KB/s) - `dashicons.eot' saved [22449/22449]

--2021-11-11 17:57:58--  https://oposicionesdeinfantilamedida.com/site/wp-includes/fonts/dashicons.ttf
Reusing existing connection to oposicionesdeinfantilamedida.com:443.
HTTP request sent, awaiting response... 200 OK
Length: 41728 (41K) [font/ttf]
Saving to: `dashicons.ttf'

     0K .......... .......... .......... ..........           100% 75.2K=0.5s

2021-11-11 17:58:00 (75.2 KB/s) - `dashicons.ttf' saved [41728/41728]

--2021-11-11 17:58:01--  https://oposicionesdeinfantilamedida.com/site/wp-includes/fonts/dashicons.svg
Reusing existing connection to oposicionesdeinfantilamedida.com:443.
HTTP request sent, awaiting response... 200 OK
Length: 95916 (94K) [image/svg+xml]
Saving to: `dashicons.svg'

     0K .......... .......... .......... .......... .......... 53% 83.1K 1s
    50K .......... .......... .......... .......... ...       100% 92.3M=0.6s

2021-11-11 17:58:02 (156 KB/s) - `dashicons.svg' saved [95916/95916]

--2021-11-11 17:58:03--  https://oposicionesdeinfantilamedida.com/site/wp-admin/images/loading.gif
Reusing existing connection to oposicionesdeinfantilamedida.com:443.
HTTP request sent, awaiting response... 200 OK
Length: 2254 (2.2K) [image/gif]
Saving to: `loading.gif'

     0K ..                                                    100% 3.86K=0.6s

2021-11-11 17:58:05 (3.86 KB/s) - `loading.gif' saved [2254/2254]

--2021-11-11 17:58:06--  https://oposicionesdeinfantilamedida.com/site/wp-admin/images/w-logo-blue.png?ver=20131202
Reusing existing connection to oposicionesdeinfantilamedida.com:443.
HTTP request sent, awaiting response... 200 OK
Length: 3113 (3.0K) [image/png]
Saving to: `w-logo-blue.png@ver=20131202'

     0K ...                                                   100% 4.10K=0.7s

2021-11-11 17:58:09 (4.10 KB/s) - `w-logo-blue.png@ver=20131202' saved [3113/3113]

--2021-11-11 17:58:10--  https://oposicionesdeinfantilamedida.com/site/wp-admin/images/wordpress-logo.svg?ver=20131107
Reusing existing connection to oposicionesdeinfantilamedida.com:443.
HTTP request sent, awaiting response... 200 OK
Length: 1521 (1.5K) [image/svg+xml]
Saving to: `wordpress-logo.svg@ver=20131107'

     0K .                                                     100% 2.08K=0.7s

2021-11-11 17:58:12 (2.08 KB/s) - `wordpress-logo.svg@ver=20131107' saved [1521/1521]

--2021-11-11 17:58:13--  https://oposicionesdeinfantilamedida.com/site/wp-content/plugins/vc-extensions-bundle/img/icon.png
Reusing existing connection to oposicionesdeinfantilamedida.com:443.
HTTP request sent, awaiting response... 200 OK
Length: 926 [image/png]
Saving to: `icon.png'

     0K                                                       100%  285M=0s

2021-11-11 17:58:15 (285 MB/s) - `icon.png' saved [926/926]

--2021-11-11 17:58:16--  https://oposicionesdeinfantilamedida.com/site/wp-content/plugins/vc-extensions-bundle/img/icon_accordion.png
Reusing existing connection to oposicionesdeinfantilamedida.com:443.
HTTP request sent, awaiting response... 200 OK
Length: 1224 (1.2K) [image/png]
Saving to: `icon_accordion.png'

     0K .                                                     100% 3.85K=0.3s

2021-11-11 17:58:17 (3.85 KB/s) - `icon_accordion.png' saved [1224/1224]

--2021-11-11 17:58:18--  https://oposicionesdeinfantilamedida.com/site/wp-content/plugins/vc-extensions-bundle/img/icon_hotspot.png
Reusing existing connection to oposicionesdeinfantilamedida.com:443.
HTTP request sent, awaiting response... 200 OK
Length: 1576 (1.5K) [image/png]
Saving to: `icon_hotspot.png'

     0K .                                                     100% 2.77K=0.6s

2021-11-11 17:58:20 (2.77 KB/s) - `icon_hotspot.png' saved [1576/1576]

--2021-11-11 17:58:22--  https://oposicionesdeinfantilamedida.com/site/wp-content/plugins/vc-extensions-bundle/img/icon_ihover.png
Reusing existing connection to oposicionesdeinfantilamedida.com:443.
HTTP request sent, awaiting response... 200 OK
Length: 1870 (1.8K) [image/png]
Saving to: `icon_ihover.png'

     0K .                                                     100% 5.42K=0.3s

2021-11-11 17:58:23 (5.42 KB/s) - `icon_ihover.png' saved [1870/1870]

--2021-11-11 17:58:24--  https://oposicionesdeinfantilamedida.com/site/wp-content/plugins/vc-extensions-bundle/img/icon_faanimation.png
Reusing existing connection to oposicionesdeinfantilamedida.com:443.
HTTP request sent, awaiting response... 200 OK
Length: 1648 (1.6K) [image/png]
Saving to: `icon_faanimation.png'

     0K .                                                     100% 2.54K=0.6s

2021-11-11 17:58:27 (2.54 KB/s) - `icon_faanimation.png' saved [1648/1648]

--2021-11-11 17:58:27--  https://oposicionesdeinfantilamedida.com/site/wp-content/plugins/vc-extensions-bundle/img/icon_dagallery.png
Reusing existing connection to oposicionesdeinfantilamedida.com:443.
HTTP request sent, awaiting response... 200 OK
Length: 1366 (1.3K) [image/png]
Saving to: `icon_dagallery.png'

     0K .                                                     100% 2.53K=0.5s

2021-11-11 17:58:29 (2.53 KB/s) - `icon_dagallery.png' saved [1366/1366]

--2021-11-11 17:58:30--  https://oposicionesdeinfantilamedida.com/site/wp-content/plugins/vc-extensions-bundle/img/icon_mediumgallery.png
Reusing existing connection to oposicionesdeinfantilamedida.com:443.
HTTP request sent, awaiting response... 200 OK
Length: 1521 (1.5K) [image/png]
Saving to: `icon_mediumgallery.png'

     0K .                                                     100% 1.79K=0.8s

2021-11-11 17:58:32 (1.79 KB/s) - `icon_mediumgallery.png' saved [1521/1521]

--2021-11-11 17:58:33--  https://oposicionesdeinfantilamedida.com/site/wp-content/plugins/vc-extensions-bundle/img/icon_masonry.png
Reusing existing connection to oposicionesdeinfantilamedida.com:443.
HTTP request sent, awaiting response... 200 OK
Length: 1154 (1.1K) [image/png]
Saving to: `icon_masonry.png'

     0K .                                                     100% 1.23K=0.9s

2021-11-11 17:58:36 (1.23 KB/s) - `icon_masonry.png' saved [1154/1154]

--2021-11-11 17:58:37--  https://oposicionesdeinfantilamedida.com/site/wp-content/plugins/vc-extensions-bundle/img/icon_scrollnotification.png
Reusing existing connection to oposicionesdeinfantilamedida.com:443.
HTTP request sent, awaiting response... 200 OK
Length: 1028 (1.0K) [image/png]
Saving to: `icon_scrollnotification.png'

     0K .                                                     100%  258M=0s

2021-11-11 17:58:39 (258 MB/s) - `icon_scrollnotification.png' saved [1028/1028]

--2021-11-11 17:58:40--  https://oposicionesdeinfantilamedida.com/site/wp-content/plugins/vc-extensions-bundle/img/icon_timeline.png
Reusing existing connection to oposicionesdeinfantilamedida.com:443.
HTTP request sent, awaiting response... 200 OK
Length: 1417 (1.4K) [image/png]
Saving to: `icon_timeline.png'

     0K .                                                     100% 2.14K=0.6s

2021-11-11 17:58:42 (2.14 KB/s) - `icon_timeline.png' saved [1417/1417]

--2021-11-11 17:58:43--  https://oposicionesdeinfantilamedida.com/site/wp-content/plugins/vc-extensions-bundle/img/icon_fluidbox.png
Reusing existing connection to oposicionesdeinfantilamedida.com:443.
HTTP request sent, awaiting response... 200 OK
Length: 1341 (1.3K) [image/png]
Saving to: `icon_fluidbox.png'

     0K .                                                     100% 1.82K=0.7s

2021-11-11 17:58:45 (1.82 KB/s) - `icon_fluidbox.png' saved [1341/1341]

--2021-11-11 17:58:46--  https://oposicionesdeinfantilamedida.com/site/wp-content/plugins/vc-extensions-bundle/img/icon_productcover.png
Reusing existing connection to oposicionesdeinfantilamedida.com:443.
HTTP request sent, awaiting response... 200 OK
Length: 1397 (1.4K) [image/png]
Saving to: `icon_productcover.png'

     0K .                                                     100% 1.90K=0.7s

2021-11-11 17:58:48 (1.90 KB/s) - `icon_productcover.png' saved [1397/1397]

--2021-11-11 17:58:49--  https://oposicionesdeinfantilamedida.com/site/wp-content/plugins/vc-extensions-bundle/img/icon_ribbon.png
Reusing existing connection to oposicionesdeinfantilamedida.com:443.
HTTP request sent, awaiting response... 200 OK
Length: 1158 (1.1K) [image/png]
Saving to: `icon_ribbon.png'

     0K .                                                     100% 2.20K=0.5s

2021-11-11 17:58:51 (2.20 KB/s) - `icon_ribbon.png' saved [1158/1158]

--2021-11-11 17:58:52--  https://oposicionesdeinfantilamedida.com/site/wp-content/plugins/vc-extensions-bundle/img/icon_appmockup.png
Reusing existing connection to oposicionesdeinfantilamedida.com:443.
HTTP request sent, awaiting response... 200 OK
Length: 1639 (1.6K) [image/png]
Saving to: `icon_appmockup.png'

     0K .                                                     100% 1.76K=0.9s

2021-11-11 17:58:54 (1.76 KB/s) - `icon_appmockup.png' saved [1639/1639]

--2021-11-11 17:58:55--  https://oposicionesdeinfantilamedida.com/site/wp-content/plugins/vc-extensions-bundle/img/icon_depthmodal.png
Reusing existing connection to oposicionesdeinfantilamedida.com:443.
HTTP request sent, awaiting response... 200 OK
Length: 1483 (1.4K) [image/png]
Saving to: `icon_depthmodal.png'

     0K .                                                     100% 2.15K=0.7s

2021-11-11 17:58:57 (2.15 KB/s) - `icon_depthmodal.png' saved [1483/1483]

--2021-11-11 17:58:58--  https://oposicionesdeinfantilamedida.com/site/wp-content/plugins/vc-extensions-bundle/img/icon_profilecard.png
Reusing existing connection to oposicionesdeinfantilamedida.com:443.
HTTP request sent, awaiting response... 200 OK
Length: 1440 (1.4K) [image/png]
Saving to: `icon_profilecard.png'

     0K .                                                     100% 2.15K=0.7s

2021-11-11 17:59:00 (2.15 KB/s) - `icon_profilecard.png' saved [1440/1440]

--2021-11-11 17:59:01--  https://oposicionesdeinfantilamedida.com/site/wp-content/plugins/vc-extensions-bundle/img/icon_testimonial.png
Reusing existing connection to oposicionesdeinfantilamedida.com:443.
HTTP request sent, awaiting response... 200 OK
Length: 1670 (1.6K) [image/png]
Saving to: `icon_testimonial.png'

     0K .                                                     100% 3.02K=0.5s

2021-11-11 17:59:03 (3.02 KB/s) - `icon_testimonial.png' saved [1670/1670]

--2021-11-11 17:59:04--  https://oposicionesdeinfantilamedida.com/site/wp-content/plugins/vc-extensions-bundle/img/icon_tab.png
Reusing existing connection to oposicionesdeinfantilamedida.com:443.
HTTP request sent, awaiting response... 200 OK
Length: 1079 (1.1K) [image/png]
Saving to: `icon_tab.png'

     0K .                                                     100% 2.43M=0s

2021-11-11 17:59:05 (2.43 MB/s) - `icon_tab.png' saved [1079/1079]

--2021-11-11 17:59:05--  https://oposicionesdeinfantilamedida.com/site/wp-content/plugins/vc-extensions-bundle/img/icon_image.png
Reusing existing connection to oposicionesdeinfantilamedida.com:443.
HTTP request sent, awaiting response... 200 OK
Length: 810 [image/png]
Saving to: `icon_image.png'

     0K                                                       100% 93.1M=0s

2021-11-11 17:59:05 (93.1 MB/s) - `icon_image.png' saved [810/810]

--2021-11-11 17:59:05--  https://oposicionesdeinfantilamedida.com/site/wp-content/plugins/vc-extensions-bundle/img/icon_parallax.png
Reusing existing connection to oposicionesdeinfantilamedida.com:443.
HTTP request sent, awaiting response... 200 OK
Length: 1132 (1.1K) [image/png]
Saving to: `icon_parallax.png'

     0K .                                                     100%  795K=0.001s

2021-11-11 17:59:05 (795 KB/s) - `icon_parallax.png' saved [1132/1132]

--2021-11-11 17:59:05--  https://oposicionesdeinfantilamedida.com/site/wp-content/plugins/vc-extensions-bundle/img/icon_stackgallery.png
Reusing existing connection to oposicionesdeinfantilamedida.com:443.
HTTP request sent, awaiting response... 200 OK
Length: 2112 (2.1K) [image/png]
Saving to: `icon_stackgallery.png'

     0K ..                                                    100% 3.97M=0.001s

2021-11-11 17:59:06 (3.97 MB/s) - `icon_stackgallery.png' saved [2112/2112]

--2021-11-11 17:59:06--  https://oposicionesdeinfantilamedida.com/site/wp-content/plugins/vc-extensions-bundle/img/icon_figurenav.png
Reusing existing connection to oposicionesdeinfantilamedida.com:443.
HTTP request sent, awaiting response... 200 OK
Length: 1270 (1.2K) [image/png]
Saving to: `icon_figurenav.png'

     0K .                                                     100% 1.54M=0.001s

2021-11-11 17:59:06 (1.54 MB/s) - `icon_figurenav.png' saved [1270/1270]

--2021-11-11 17:59:06--  https://oposicionesdeinfantilamedida.com/site/wp-content/plugins/vc-extensions-bundle/img/icon_button01.png
Reusing existing connection to oposicionesdeinfantilamedida.com:443.
HTTP request sent, awaiting response... 200 OK
Length: 1996 (1.9K) [image/png]
Saving to: `icon_button01.png'

     0K .                                                     100% 3.84M=0s

2021-11-11 17:59:06 (3.84 MB/s) - `icon_button01.png' saved [1996/1996]

--2021-11-11 17:59:06--  https://oposicionesdeinfantilamedida.com/site/wp-content/plugins/vc-extensions-bundle/img/icon_todolist.png
Reusing existing connection to oposicionesdeinfantilamedida.com:443.
HTTP request sent, awaiting response... 200 OK
Length: 1684 (1.6K) [image/png]
Saving to: `icon_todolist.png'

     0K .                                                     100% 1.10M=0.001s

2021-11-11 17:59:06 (1.10 MB/s) - `icon_todolist.png' saved [1684/1684]

--2021-11-11 17:59:06--  https://oposicionesdeinfantilamedida.com/site/wp-content/plugins/vc-extensions-bundle/img/icon_carouselgallery.png
Reusing existing connection to oposicionesdeinfantilamedida.com:443.
HTTP request sent, awaiting response... 200 OK
Length: 761 [image/png]
Saving to: `icon_carouselgallery.png'

     0K                                                       100%  330M=0s

2021-11-11 17:59:06 (330 MB/s) - `icon_carouselgallery.png' saved [761/761]

--2021-11-11 17:59:06--  https://oposicionesdeinfantilamedida.com/site/wp-content/plugins/vc-extensions-bundle/img/icon_zoommagnify.png
Reusing existing connection to oposicionesdeinfantilamedida.com:443.
HTTP request sent, awaiting response... 200 OK
Length: 1706 (1.7K) [image/png]
Saving to: `icon_zoommagnify.png'

     0K .                                                     100%  111K=0.02s

2021-11-11 17:59:07 (111 KB/s) - `icon_zoommagnify.png' saved [1706/1706]

--2021-11-11 17:59:07--  https://oposicionesdeinfantilamedida.com/site/wp-content/plugins/vc-extensions-bundle/img/icon_fullscreenintro.png
Reusing existing connection to oposicionesdeinfantilamedida.com:443.
HTTP request sent, awaiting response... 200 OK
Length: 1757 (1.7K) [image/png]
Saving to: `icon_fullscreenintro.png'

     0K .                                                     100% 2.34M=0.001s

2021-11-11 17:59:07 (2.34 MB/s) - `icon_fullscreenintro.png' saved [1757/1757]

--2021-11-11 17:59:07--  https://oposicionesdeinfantilamedida.com/site/wp-content/plugins/vc-extensions-bundle/img/icon_pagetransition.png
Reusing existing connection to oposicionesdeinfantilamedida.com:443.
HTTP request sent, awaiting response... 200 OK
Length: 1753 (1.7K) [image/png]
Saving to: `icon_pagetransition.png'

     0K .                                                     100%  136K=0.01s

2021-11-11 17:59:07 (136 KB/s) - `icon_pagetransition.png' saved [1753/1753]

--2021-11-11 17:59:07--  https://oposicionesdeinfantilamedida.com/site/wp-content/plugins/vc-extensions-bundle/img/icon_thumbcaption.png
Reusing existing connection to oposicionesdeinfantilamedida.com:443.
HTTP request sent, awaiting response... 200 OK
Length: 1324 (1.3K) [image/png]
Saving to: `icon_thumbcaption.png'

     0K .                                                     100% 2.84M=0s

2021-11-11 17:59:07 (2.84 MB/s) - `icon_thumbcaption.png' saved [1324/1324]

--2021-11-11 17:59:07--  https://oposicionesdeinfantilamedida.com/site/wp-content/plugins/vc-extensions-bundle/img/icon_imagearrow.png
Reusing existing connection to oposicionesdeinfantilamedida.com:443.
HTTP request sent, awaiting response... 200 OK
Length: 1685 (1.6K) [image/png]
Saving to: `icon_imagearrow.png'

     0K .                                                     100% 4.56M=0s

2021-11-11 17:59:07 (4.56 MB/s) - `icon_imagearrow.png' saved [1685/1685]

--2021-11-11 17:59:07--  https://oposicionesdeinfantilamedida.com/site/wp-content/plugins/vc-extensions-bundle/img/icon_metrocarousel.png
Reusing existing connection to oposicionesdeinfantilamedida.com:443.
HTTP request sent, awaiting response... 200 OK
Length: 1014 [image/png]
Saving to: `icon_metrocarousel.png'

     0K                                                       100%  440M=0s

2021-11-11 17:59:08 (440 MB/s) - `icon_metrocarousel.png' saved [1014/1014]

--2021-11-11 17:59:08--  https://oposicionesdeinfantilamedida.com/site/wp-content/plugins/vc-extensions-bundle/img/icon_separator.png
Reusing existing connection to oposicionesdeinfantilamedida.com:443.
HTTP request sent, awaiting response... 200 OK
Length: 1810 (1.8K) [image/png]
Saving to: `icon_separator.png'

     0K .                                                     100% 1005K=0.002s

2021-11-11 17:59:08 (1005 KB/s) - `icon_separator.png' saved [1810/1810]

--2021-11-11 17:59:08--  https://oposicionesdeinfantilamedida.com/site/wp-content/plugins/vc-extensions-bundle/img/icon_materialcard.png
Reusing existing connection to oposicionesdeinfantilamedida.com:443.
HTTP request sent, awaiting response... 200 OK
Length: 1489 (1.5K) [image/png]
Saving to: `icon_materialcard.png'

     0K .                                                     100% 1.16M=0.001s

2021-11-11 17:59:08 (1.16 MB/s) - `icon_materialcard.png' saved [1489/1489]

--2021-11-11 17:59:08--  https://oposicionesdeinfantilamedida.com/site/wp-content/plugins/vc-extensions-bundle/img/icon_cubebox.png
Reusing existing connection to oposicionesdeinfantilamedida.com:443.
HTTP request sent, awaiting response... 200 OK
Length: 1713 (1.7K) [image/png]
Saving to: `icon_cubebox.png'

     0K .                                                     100% 1.74M=0.001s

2021-11-11 17:59:08 (1.74 MB/s) - `icon_cubebox.png' saved [1713/1713]

--2021-11-11 17:59:08--  https://oposicionesdeinfantilamedida.com/site/wp-content/plugins/vc-extensions-bundle/img/icon_sidebyside.png
Reusing existing connection to oposicionesdeinfantilamedida.com:443.
HTTP request sent, awaiting response... 200 OK
Length: 1056 (1.0K) [image/png]
Saving to: `icon_sidebyside.png'

     0K .                                                     100%  987K=0.001s

2021-11-11 17:59:08 (987 KB/s) - `icon_sidebyside.png' saved [1056/1056]

--2021-11-11 17:59:08--  https://oposicionesdeinfantilamedida.com/site/wp-content/plugins/vc-extensions-bundle/img/icon_typewriter.png
Reusing existing connection to oposicionesdeinfantilamedida.com:443.
HTTP request sent, awaiting response... 200 OK
Length: 1931 (1.9K) [image/png]
Saving to: `icon_typewriter.png'

     0K .                                                     100% 1.31M=0.001s

2021-11-11 17:59:09 (1.31 MB/s) - `icon_typewriter.png' saved [1931/1931]

--2021-11-11 17:59:09--  https://oposicionesdeinfantilamedida.com/site/wp-content/plugins/vc-extensions-bundle/img/icon_sticker.png
Reusing existing connection to oposicionesdeinfantilamedida.com:443.
HTTP request sent, awaiting response... 200 OK
Length: 1584 (1.5K) [image/png]
Saving to: `icon_sticker.png'

     0K .                                                     100%  163K=0.009s

2021-11-11 17:59:09 (163 KB/s) - `icon_sticker.png' saved [1584/1584]

--2021-11-11 17:59:09--  https://oposicionesdeinfantilamedida.com/site/wp-content/plugins/vc-extensions-bundle/img/icon_imageoverlay.png
Reusing existing connection to oposicionesdeinfantilamedida.com:443.
HTTP request sent, awaiting response... 200 OK
Length: 1988 (1.9K) [image/png]
Saving to: `icon_imageoverlay.png'

     0K .                                                     100% 3.30M=0.001s

2021-11-11 17:59:09 (3.30 MB/s) - `icon_imageoverlay.png' saved [1988/1988]

--2021-11-11 17:59:09--  https://oposicionesdeinfantilamedida.com/site/wp-content/plugins/vc-extensions-bundle/img/icon_imageoverlay2.png
Reusing existing connection to oposicionesdeinfantilamedida.com:443.
HTTP request sent, awaiting response... 200 OK
Length: 1888 (1.8K) [image/png]
Saving to: `icon_imageoverlay2.png'

     0K .                                                     100% 4.23M=0s

2021-11-11 17:59:09 (4.23 MB/s) - `icon_imageoverlay2.png' saved [1888/1888]

--2021-11-11 17:59:09--  https://oposicionesdeinfantilamedida.com/site/wp-content/plugins/vc-extensions-bundle/img/icon_flipbox.png
Reusing existing connection to oposicionesdeinfantilamedida.com:443.
HTTP request sent, awaiting response... 200 OK
Length: 1387 (1.4K) [image/png]
Saving to: `icon_flipbox.png'

     0K .                                                     100%  907K=0.001s

2021-11-11 17:59:09 (907 KB/s) - `icon_flipbox.png' saved [1387/1387]

--2021-11-11 17:59:09--  https://oposicionesdeinfantilamedida.com/site/wp-content/plugins/vc-extensions-bundle/img/icon_bannerblock.png
Reusing existing connection to oposicionesdeinfantilamedida.com:443.
HTTP request sent, awaiting response... 200 OK
Length: 864 [image/png]
Saving to: `icon_bannerblock.png'

     0K                                                       100%  749M=0s

2021-11-11 17:59:10 (749 MB/s) - `icon_bannerblock.png' saved [864/864]

--2021-11-11 17:59:10--  https://oposicionesdeinfantilamedida.com/site/wp-content/plugins/vc-extensions-bundle/img/icon_beforeafter.png
Reusing existing connection to oposicionesdeinfantilamedida.com:443.
HTTP request sent, awaiting response... 200 OK
Length: 1397 (1.4K) [image/png]
Saving to: `icon_beforeafter.png'

     0K .                                                     100% 2.88M=0s

2021-11-11 17:59:10 (2.88 MB/s) - `icon_beforeafter.png' saved [1397/1397]

--2021-11-11 17:59:10--  https://oposicionesdeinfantilamedida.com/site/wp-content/plugins/vc-extensions-bundle/img/icon_compareslider.png
Reusing existing connection to oposicionesdeinfantilamedida.com:443.
HTTP request sent, awaiting response... 200 OK
Length: 1590 (1.6K) [image/png]
Saving to: `icon_compareslider.png'

     0K .                                                     100% 1.39M=0.001s

2021-11-11 17:59:11 (1.39 MB/s) - `icon_compareslider.png' saved [1590/1590]

--2021-11-11 17:59:11--  https://oposicionesdeinfantilamedida.com/site/wp-content/plugins/vc-extensions-bundle/img/icon_imageaccordion.png
Reusing existing connection to oposicionesdeinfantilamedida.com:443.
HTTP request sent, awaiting response... 200 OK
Length: 1639 (1.6K) [image/png]
Saving to: `icon_imageaccordion.png'

     0K .                                                     100% 4.45M=0s

2021-11-11 17:59:11 (4.45 MB/s) - `icon_imageaccordion.png' saved [1639/1639]

--2021-11-11 17:59:11--  https://oposicionesdeinfantilamedida.com/site/wp-content/plugins/vc-extensions-bundle/img/icon_profilepanel.png
Reusing existing connection to oposicionesdeinfantilamedida.com:443.
HTTP request sent, awaiting response... 200 OK
Length: 1345 (1.3K) [image/png]
Saving to: `icon_profilepanel.png'

     0K .                                                     100% 4.20K=0.3s

2021-11-11 17:59:12 (4.20 KB/s) - `icon_profilepanel.png' saved [1345/1345]

--2021-11-11 17:59:12--  https://oposicionesdeinfantilamedida.com/site/wp-content/plugins/vc-extensions-bundle/img/icon_videocover.png
Reusing existing connection to oposicionesdeinfantilamedida.com:443.
HTTP request sent, awaiting response... 200 OK
Length: 1487 (1.5K) [image/png]
Saving to: `icon_videocover.png'

     0K .                                                     100% 2.87M=0s

2021-11-11 17:59:12 (2.87 MB/s) - `icon_videocover.png' saved [1487/1487]

--2021-11-11 17:59:12--  https://oposicionesdeinfantilamedida.com/site/wp-content/plugins/vc-extensions-bundle/img/icon_stackblock.png
Reusing existing connection to oposicionesdeinfantilamedida.com:443.
HTTP request sent, awaiting response... 200 OK
Length: 888 [image/png]
Saving to: `icon_stackblock.png'

     0K                                                       100%  282M=0s

2021-11-11 17:59:13 (282 MB/s) - `icon_stackblock.png' saved [888/888]

--2021-11-11 17:59:13--  https://oposicionesdeinfantilamedida.com/site/wp-content/plugins/vc-extensions-bundle/img/icon_gradientbox.png
Reusing existing connection to oposicionesdeinfantilamedida.com:443.
HTTP request sent, awaiting response... 200 OK
Length: 1801 (1.8K) [image/png]
Saving to: `icon_gradientbox.png'

     0K .                                                     100% 1.10M=0.002s

2021-11-11 17:59:13 (1.10 MB/s) - `icon_gradientbox.png' saved [1801/1801]

--2021-11-11 17:59:13--  https://oposicionesdeinfantilamedida.com/site/wp-content/plugins/vc-extensions-bundle/img/icon_vectorcard.png
Reusing existing connection to oposicionesdeinfantilamedida.com:443.
HTTP request sent, awaiting response... 200 OK
Length: 772 [image/png]
Saving to: `icon_vectorcard.png'

     0K                                                       100%  491M=0s

2021-11-11 17:59:13 (491 MB/s) - `icon_vectorcard.png' saved [772/772]

FINISHED --2021-11-11 17:59:13--
Total wall clock time: 1m 39s
Downloaded: 58 files, 350K in 15s (23.5 KB/s)
Converting index.html... 2-1
Converting load-styles.php@c=0&dir=ltr&load[]=dashicons,buttons,forms,l10n,login&ver=4.9.8.css... 7-0
Converting admin_icon.min.css@ver=4.9.8.css... 51-0
Converted 3 files in 0.01 seconds.
