--2021-11-09 20:35:55--  https://oposicionesdeinfantilamedida.com/site/wp-admin/
Resolving oposicionesdeinfantilamedida.com... 198.20.115.3
Connecting to oposicionesdeinfantilamedida.com|198.20.115.3|:443... connected.
WARNING: cannot verify oposicionesdeinfantilamedida.com's certificate, issued by `/C=BE/O=GlobalSign nv-sa/CN=AlphaSSL CA - SHA256 - G2':
  Issued certificate has expired.
WARNING: no certificate subject alternative name matches
	requested host name `oposicionesdeinfantilamedida.com'.
HTTP request sent, awaiting response... 302 Found
Location: https://oposicionesdeinfantilamedida.com/site/wp-login.php?redirect_to=https%3A%2F%2Foposicionesdeinfantilamedida.com%2Fsite%2Fwp-admin%2F&reauth=1 [following]
--2021-11-09 20:35:57--  https://oposicionesdeinfantilamedida.com/site/wp-login.php?redirect_to=https%3A%2F%2Foposicionesdeinfantilamedida.com%2Fsite%2Fwp-admin%2F&reauth=1
Reusing existing connection to oposicionesdeinfantilamedida.com:443.
HTTP request sent, awaiting response... 200 OK
Length: 3550 (3.5K) [text/html]
Saving to: `index.html'

     0K ...                                                   100%  627M=0s

2021-11-09 20:35:58 (627 MB/s) - `index.html' saved [3550/3550]

--2021-11-09 20:35:58--  https://oposicionesdeinfantilamedida.com/site/wp-admin/load-styles.php?c=0&dir=ltr&load%5B%5D=dashicons,buttons,forms,l10n,login&ver=4.9.8
Reusing existing connection to oposicionesdeinfantilamedida.com:443.
HTTP request sent, awaiting response... 200 OK
Length: unspecified [text/css]
Saving to: `load-styles.php@c=0&dir=ltr&load[]=dashicons,buttons,forms,l10n,login&ver=4.9.8.css'

     0K .......... .......... .......... .......... ..........  108K
    50K .......... .......... .......... .......... ..........  283K
   100K .                                                      36.6G=0.6s

2021-11-09 20:35:59 (159 KB/s) - `load-styles.php@c=0&dir=ltr&load[]=dashicons,buttons,forms,l10n,login&ver=4.9.8.css' saved [104364]

--2021-11-09 20:35:59--  https://oposicionesdeinfantilamedida.com/site/wp-content/plugins/vc-extensions-bundle/css/admin_icon.min.css?ver=4.9.8
Reusing existing connection to oposicionesdeinfantilamedida.com:443.
HTTP request sent, awaiting response... 200 OK
Length: 13258 (13K) [text/css]
Saving to: `admin_icon.min.css@ver=4.9.8.css'

     0K .......... ..                                         100% 6.11M=0.002s

2021-11-09 20:35:59 (6.11 MB/s) - `admin_icon.min.css@ver=4.9.8.css' saved [13258/13258]

--2021-11-09 20:35:59--  https://oposicionesdeinfantilamedida.com/site/wp-includes/fonts/dashicons.eot
Reusing existing connection to oposicionesdeinfantilamedida.com:443.
HTTP request sent, awaiting response... 200 OK
Length: 22449 (22K) [application/vnd.ms-fontobject]
Saving to: `dashicons.eot'

     0K .......... .......... .                               100% 3.75M=0.006s

2021-11-09 20:35:59 (3.75 MB/s) - `dashicons.eot' saved [22449/22449]

--2021-11-09 20:35:59--  https://oposicionesdeinfantilamedida.com/site/wp-includes/fonts/dashicons.ttf
Reusing existing connection to oposicionesdeinfantilamedida.com:443.
HTTP request sent, awaiting response... 200 OK
Length: 41728 (41K) [font/ttf]
Saving to: `dashicons.ttf'

     0K .......... .......... .......... ..........           100%  241K=0.2s

2021-11-09 20:36:00 (241 KB/s) - `dashicons.ttf' saved [41728/41728]

--2021-11-09 20:36:00--  https://oposicionesdeinfantilamedida.com/site/wp-includes/fonts/dashicons.svg
Reusing existing connection to oposicionesdeinfantilamedida.com:443.
HTTP request sent, awaiting response... 200 OK
Length: 95916 (94K) [image/svg+xml]
Saving to: `dashicons.svg'

     0K .......... .......... .......... .......... .......... 53%  272K 0s
    50K .......... .......... .......... .......... ...       100%  277K=0.3s

2021-11-09 20:36:00 (274 KB/s) - `dashicons.svg' saved [95916/95916]

--2021-11-09 20:36:00--  https://oposicionesdeinfantilamedida.com/site/wp-admin/images/loading.gif
Reusing existing connection to oposicionesdeinfantilamedida.com:443.
HTTP request sent, awaiting response... 200 OK
Length: 2254 (2.2K) [image/gif]
Saving to: `loading.gif'

     0K ..                                                    100% 1.59M=0.001s

2021-11-09 20:36:01 (1.59 MB/s) - `loading.gif' saved [2254/2254]

--2021-11-09 20:36:01--  https://oposicionesdeinfantilamedida.com/site/wp-admin/images/w-logo-blue.png?ver=20131202
Reusing existing connection to oposicionesdeinfantilamedida.com:443.
HTTP request sent, awaiting response... 200 OK
Length: 3113 (3.0K) [image/png]
Saving to: `w-logo-blue.png@ver=20131202'

     0K ...                                                   100% 3.28M=0.001s

2021-11-09 20:36:01 (3.28 MB/s) - `w-logo-blue.png@ver=20131202' saved [3113/3113]

--2021-11-09 20:36:01--  https://oposicionesdeinfantilamedida.com/site/wp-admin/images/wordpress-logo.svg?ver=20131107
Reusing existing connection to oposicionesdeinfantilamedida.com:443.
HTTP request sent, awaiting response... 200 OK
Length: 1521 (1.5K) [image/svg+xml]
Saving to: `wordpress-logo.svg@ver=20131107'

     0K .                                                     100%  813K=0.002s

2021-11-09 20:36:01 (813 KB/s) - `wordpress-logo.svg@ver=20131107' saved [1521/1521]

--2021-11-09 20:36:01--  https://oposicionesdeinfantilamedida.com/site/wp-content/plugins/vc-extensions-bundle/img/icon.png
Reusing existing connection to oposicionesdeinfantilamedida.com:443.
HTTP request sent, awaiting response... 200 OK
Length: 926 [image/png]
Saving to: `icon.png'

     0K                                                       100%  180M=0s

2021-11-09 20:36:01 (180 MB/s) - `icon.png' saved [926/926]

--2021-11-09 20:36:01--  https://oposicionesdeinfantilamedida.com/site/wp-content/plugins/vc-extensions-bundle/img/icon_accordion.png
Reusing existing connection to oposicionesdeinfantilamedida.com:443.
HTTP request sent, awaiting response... 200 OK
Length: 1224 (1.2K) [image/png]
Saving to: `icon_accordion.png'

     0K .                                                     100%  245K=0.005s

2021-11-09 20:36:01 (245 KB/s) - `icon_accordion.png' saved [1224/1224]

--2021-11-09 20:36:01--  https://oposicionesdeinfantilamedida.com/site/wp-content/plugins/vc-extensions-bundle/img/icon_hotspot.png
Reusing existing connection to oposicionesdeinfantilamedida.com:443.
HTTP request sent, awaiting response... 200 OK
Length: 1576 (1.5K) [image/png]
Saving to: `icon_hotspot.png'

     0K .                                                     100%  747K=0.002s

2021-11-09 20:36:01 (747 KB/s) - `icon_hotspot.png' saved [1576/1576]

--2021-11-09 20:36:01--  https://oposicionesdeinfantilamedida.com/site/wp-content/plugins/vc-extensions-bundle/img/icon_ihover.png
Reusing existing connection to oposicionesdeinfantilamedida.com:443.
HTTP request sent, awaiting response... 200 OK
Length: 1870 (1.8K) [image/png]
Saving to: `icon_ihover.png'

     0K .                                                     100%  841K=0.002s

2021-11-09 20:36:02 (841 KB/s) - `icon_ihover.png' saved [1870/1870]

--2021-11-09 20:36:02--  https://oposicionesdeinfantilamedida.com/site/wp-content/plugins/vc-extensions-bundle/img/icon_faanimation.png
Reusing existing connection to oposicionesdeinfantilamedida.com:443.
HTTP request sent, awaiting response... 200 OK
Length: 1648 (1.6K) [image/png]
Saving to: `icon_faanimation.png'

     0K .                                                     100% 1.06M=0.001s

2021-11-09 20:36:02 (1.06 MB/s) - `icon_faanimation.png' saved [1648/1648]

--2021-11-09 20:36:02--  https://oposicionesdeinfantilamedida.com/site/wp-content/plugins/vc-extensions-bundle/img/icon_dagallery.png
Reusing existing connection to oposicionesdeinfantilamedida.com:443.
HTTP request sent, awaiting response... 200 OK
Length: 1366 (1.3K) [image/png]
Saving to: `icon_dagallery.png'

     0K .                                                     100%  873K=0.002s

2021-11-09 20:36:02 (873 KB/s) - `icon_dagallery.png' saved [1366/1366]

--2021-11-09 20:36:02--  https://oposicionesdeinfantilamedida.com/site/wp-content/plugins/vc-extensions-bundle/img/icon_mediumgallery.png
Reusing existing connection to oposicionesdeinfantilamedida.com:443.
HTTP request sent, awaiting response... 200 OK
Length: 1521 (1.5K) [image/png]
Saving to: `icon_mediumgallery.png'

     0K .                                                     100%  772K=0.002s

2021-11-09 20:36:02 (772 KB/s) - `icon_mediumgallery.png' saved [1521/1521]

--2021-11-09 20:36:02--  https://oposicionesdeinfantilamedida.com/site/wp-content/plugins/vc-extensions-bundle/img/icon_masonry.png
Reusing existing connection to oposicionesdeinfantilamedida.com:443.
HTTP request sent, awaiting response... 200 OK
Length: 1154 (1.1K) [image/png]
Saving to: `icon_masonry.png'

     0K .                                                     100%  628K=0.002s

2021-11-09 20:36:02 (628 KB/s) - `icon_masonry.png' saved [1154/1154]

--2021-11-09 20:36:02--  https://oposicionesdeinfantilamedida.com/site/wp-content/plugins/vc-extensions-bundle/img/icon_scrollnotification.png
Reusing existing connection to oposicionesdeinfantilamedida.com:443.
HTTP request sent, awaiting response... 200 OK
Length: 1028 (1.0K) [image/png]
Saving to: `icon_scrollnotification.png'

     0K .                                                     100%  175M=0s

2021-11-09 20:36:03 (175 MB/s) - `icon_scrollnotification.png' saved [1028/1028]

--2021-11-09 20:36:03--  https://oposicionesdeinfantilamedida.com/site/wp-content/plugins/vc-extensions-bundle/img/icon_timeline.png
Reusing existing connection to oposicionesdeinfantilamedida.com:443.
HTTP request sent, awaiting response... 200 OK
Length: 1417 (1.4K) [image/png]
Saving to: `icon_timeline.png'

     0K .                                                     100%  753K=0.002s

2021-11-09 20:36:03 (753 KB/s) - `icon_timeline.png' saved [1417/1417]

--2021-11-09 20:36:03--  https://oposicionesdeinfantilamedida.com/site/wp-content/plugins/vc-extensions-bundle/img/icon_fluidbox.png
Reusing existing connection to oposicionesdeinfantilamedida.com:443.
HTTP request sent, awaiting response... 200 OK
Length: 1341 (1.3K) [image/png]
Saving to: `icon_fluidbox.png'

     0K .                                                     100%  722K=0.002s

2021-11-09 20:36:03 (722 KB/s) - `icon_fluidbox.png' saved [1341/1341]

--2021-11-09 20:36:03--  https://oposicionesdeinfantilamedida.com/site/wp-content/plugins/vc-extensions-bundle/img/icon_productcover.png
Reusing existing connection to oposicionesdeinfantilamedida.com:443.
HTTP request sent, awaiting response... 200 OK
Length: 1397 (1.4K) [image/png]
Saving to: `icon_productcover.png'

     0K .                                                     100%  370K=0.004s

2021-11-09 20:36:03 (370 KB/s) - `icon_productcover.png' saved [1397/1397]

--2021-11-09 20:36:03--  https://oposicionesdeinfantilamedida.com/site/wp-content/plugins/vc-extensions-bundle/img/icon_ribbon.png
Reusing existing connection to oposicionesdeinfantilamedida.com:443.
HTTP request sent, awaiting response... 200 OK
Length: 1158 (1.1K) [image/png]
Saving to: `icon_ribbon.png'

     0K .                                                     100%  713K=0.002s

2021-11-09 20:36:03 (713 KB/s) - `icon_ribbon.png' saved [1158/1158]

--2021-11-09 20:36:03--  https://oposicionesdeinfantilamedida.com/site/wp-content/plugins/vc-extensions-bundle/img/icon_appmockup.png
Reusing existing connection to oposicionesdeinfantilamedida.com:443.
HTTP request sent, awaiting response... 200 OK
Length: 1639 (1.6K) [image/png]
Saving to: `icon_appmockup.png'

     0K .                                                     100% 1.43M=0.001s

2021-11-09 20:36:03 (1.43 MB/s) - `icon_appmockup.png' saved [1639/1639]

--2021-11-09 20:36:03--  https://oposicionesdeinfantilamedida.com/site/wp-content/plugins/vc-extensions-bundle/img/icon_depthmodal.png
Reusing existing connection to oposicionesdeinfantilamedida.com:443.
HTTP request sent, awaiting response... 200 OK
Length: 1483 (1.4K) [image/png]
Saving to: `icon_depthmodal.png'

     0K .                                                     100%  813K=0.002s

2021-11-09 20:36:04 (813 KB/s) - `icon_depthmodal.png' saved [1483/1483]

--2021-11-09 20:36:04--  https://oposicionesdeinfantilamedida.com/site/wp-content/plugins/vc-extensions-bundle/img/icon_profilecard.png
Reusing existing connection to oposicionesdeinfantilamedida.com:443.
HTTP request sent, awaiting response... 200 OK
Length: 1440 (1.4K) [image/png]
Saving to: `icon_profilecard.png'

     0K .                                                     100%  760K=0.002s

2021-11-09 20:36:04 (760 KB/s) - `icon_profilecard.png' saved [1440/1440]

--2021-11-09 20:36:04--  https://oposicionesdeinfantilamedida.com/site/wp-content/plugins/vc-extensions-bundle/img/icon_testimonial.png
Reusing existing connection to oposicionesdeinfantilamedida.com:443.
HTTP request sent, awaiting response... 200 OK
Length: 1670 (1.6K) [image/png]
Saving to: `icon_testimonial.png'

     0K .                                                     100%  936K=0.002s

2021-11-09 20:36:04 (936 KB/s) - `icon_testimonial.png' saved [1670/1670]

--2021-11-09 20:36:04--  https://oposicionesdeinfantilamedida.com/site/wp-content/plugins/vc-extensions-bundle/img/icon_tab.png
Reusing existing connection to oposicionesdeinfantilamedida.com:443.
HTTP request sent, awaiting response... 200 OK
Length: 1079 (1.1K) [image/png]
Saving to: `icon_tab.png'

     0K .                                                     100%  450K=0.002s

2021-11-09 20:36:04 (450 KB/s) - `icon_tab.png' saved [1079/1079]

--2021-11-09 20:36:04--  https://oposicionesdeinfantilamedida.com/site/wp-content/plugins/vc-extensions-bundle/img/icon_image.png
Reusing existing connection to oposicionesdeinfantilamedida.com:443.
HTTP request sent, awaiting response... 200 OK
Length: 810 [image/png]
Saving to: `icon_image.png'

     0K                                                       100%  249M=0s

2021-11-09 20:36:04 (249 MB/s) - `icon_image.png' saved [810/810]

--2021-11-09 20:36:04--  https://oposicionesdeinfantilamedida.com/site/wp-content/plugins/vc-extensions-bundle/img/icon_parallax.png
Reusing existing connection to oposicionesdeinfantilamedida.com:443.
HTTP request sent, awaiting response... 200 OK
Length: 1132 (1.1K) [image/png]
Saving to: `icon_parallax.png'

     0K .                                                     100%  611K=0.002s

2021-11-09 20:36:04 (611 KB/s) - `icon_parallax.png' saved [1132/1132]

--2021-11-09 20:36:04--  https://oposicionesdeinfantilamedida.com/site/wp-content/plugins/vc-extensions-bundle/img/icon_stackgallery.png
Reusing existing connection to oposicionesdeinfantilamedida.com:443.
HTTP request sent, awaiting response... 200 OK
Length: 2112 (2.1K) [image/png]
Saving to: `icon_stackgallery.png'

     0K ..                                                    100% 3.48M=0.001s

2021-11-09 20:36:05 (3.48 MB/s) - `icon_stackgallery.png' saved [2112/2112]

--2021-11-09 20:36:05--  https://oposicionesdeinfantilamedida.com/site/wp-content/plugins/vc-extensions-bundle/img/icon_figurenav.png
Reusing existing connection to oposicionesdeinfantilamedida.com:443.
HTTP request sent, awaiting response... 200 OK
Length: 1270 (1.2K) [image/png]
Saving to: `icon_figurenav.png'

     0K .                                                     100% 2.54M=0s

2021-11-09 20:36:05 (2.54 MB/s) - `icon_figurenav.png' saved [1270/1270]

--2021-11-09 20:36:05--  https://oposicionesdeinfantilamedida.com/site/wp-content/plugins/vc-extensions-bundle/img/icon_button01.png
Reusing existing connection to oposicionesdeinfantilamedida.com:443.
HTTP request sent, awaiting response... 200 OK
Length: 1996 (1.9K) [image/png]
Saving to: `icon_button01.png'

     0K .                                                     100% 1.01M=0.002s

2021-11-09 20:36:05 (1.01 MB/s) - `icon_button01.png' saved [1996/1996]

--2021-11-09 20:36:05--  https://oposicionesdeinfantilamedida.com/site/wp-content/plugins/vc-extensions-bundle/img/icon_todolist.png
Reusing existing connection to oposicionesdeinfantilamedida.com:443.
HTTP request sent, awaiting response... 200 OK
Length: 1684 (1.6K) [image/png]
Saving to: `icon_todolist.png'

     0K .                                                     100% 95.8K=0.02s

2021-11-09 20:36:05 (95.8 KB/s) - `icon_todolist.png' saved [1684/1684]

--2021-11-09 20:36:05--  https://oposicionesdeinfantilamedida.com/site/wp-content/plugins/vc-extensions-bundle/img/icon_carouselgallery.png
Reusing existing connection to oposicionesdeinfantilamedida.com:443.
HTTP request sent, awaiting response... 200 OK
Length: 761 [image/png]
Saving to: `icon_carouselgallery.png'

     0K                                                       100%  151M=0s

2021-11-09 20:36:05 (151 MB/s) - `icon_carouselgallery.png' saved [761/761]

--2021-11-09 20:36:05--  https://oposicionesdeinfantilamedida.com/site/wp-content/plugins/vc-extensions-bundle/img/icon_zoommagnify.png
Reusing existing connection to oposicionesdeinfantilamedida.com:443.
HTTP request sent, awaiting response... 200 OK
Length: 1706 (1.7K) [image/png]
Saving to: `icon_zoommagnify.png'

     0K .                                                     100% 71.1K=0.02s

2021-11-09 20:36:06 (71.1 KB/s) - `icon_zoommagnify.png' saved [1706/1706]

--2021-11-09 20:36:06--  https://oposicionesdeinfantilamedida.com/site/wp-content/plugins/vc-extensions-bundle/img/icon_fullscreenintro.png
Reusing existing connection to oposicionesdeinfantilamedida.com:443.
HTTP request sent, awaiting response... 200 OK
Length: 1757 (1.7K) [image/png]
Saving to: `icon_fullscreenintro.png'

     0K .                                                     100%  956K=0.002s

2021-11-09 20:36:06 (956 KB/s) - `icon_fullscreenintro.png' saved [1757/1757]

--2021-11-09 20:36:06--  https://oposicionesdeinfantilamedida.com/site/wp-content/plugins/vc-extensions-bundle/img/icon_pagetransition.png
Reusing existing connection to oposicionesdeinfantilamedida.com:443.
HTTP request sent, awaiting response... 200 OK
Length: 1753 (1.7K) [image/png]
Saving to: `icon_pagetransition.png'

     0K .                                                     100%  974K=0.002s

2021-11-09 20:36:06 (974 KB/s) - `icon_pagetransition.png' saved [1753/1753]

--2021-11-09 20:36:06--  https://oposicionesdeinfantilamedida.com/site/wp-content/plugins/vc-extensions-bundle/img/icon_thumbcaption.png
Reusing existing connection to oposicionesdeinfantilamedida.com:443.
HTTP request sent, awaiting response... 200 OK
Length: 1324 (1.3K) [image/png]
Saving to: `icon_thumbcaption.png'

     0K .                                                     100%  728K=0.002s

2021-11-09 20:36:06 (728 KB/s) - `icon_thumbcaption.png' saved [1324/1324]

--2021-11-09 20:36:06--  https://oposicionesdeinfantilamedida.com/site/wp-content/plugins/vc-extensions-bundle/img/icon_imagearrow.png
Reusing existing connection to oposicionesdeinfantilamedida.com:443.
HTTP request sent, awaiting response... 200 OK
Length: 1685 (1.6K) [image/png]
Saving to: `icon_imagearrow.png'

     0K .                                                     100%  901K=0.002s

2021-11-09 20:36:06 (901 KB/s) - `icon_imagearrow.png' saved [1685/1685]

--2021-11-09 20:36:06--  https://oposicionesdeinfantilamedida.com/site/wp-content/plugins/vc-extensions-bundle/img/icon_metrocarousel.png
Reusing existing connection to oposicionesdeinfantilamedida.com:443.
HTTP request sent, awaiting response... 200 OK
Length: 1014 [image/png]
Saving to: `icon_metrocarousel.png'

     0K                                                       100%  276M=0s

2021-11-09 20:36:07 (276 MB/s) - `icon_metrocarousel.png' saved [1014/1014]

--2021-11-09 20:36:07--  https://oposicionesdeinfantilamedida.com/site/wp-content/plugins/vc-extensions-bundle/img/icon_separator.png
Reusing existing connection to oposicionesdeinfantilamedida.com:443.
HTTP request sent, awaiting response... 200 OK
Length: 1810 (1.8K) [image/png]
Saving to: `icon_separator.png'

     0K .                                                     100%  849K=0.002s

2021-11-09 20:36:07 (849 KB/s) - `icon_separator.png' saved [1810/1810]

--2021-11-09 20:36:07--  https://oposicionesdeinfantilamedida.com/site/wp-content/plugins/vc-extensions-bundle/img/icon_materialcard.png
Reusing existing connection to oposicionesdeinfantilamedida.com:443.
HTTP request sent, awaiting response... 200 OK
Length: 1489 (1.5K) [image/png]
Saving to: `icon_materialcard.png'

     0K .                                                     100% 2.86M=0s

2021-11-09 20:36:07 (2.86 MB/s) - `icon_materialcard.png' saved [1489/1489]

--2021-11-09 20:36:07--  https://oposicionesdeinfantilamedida.com/site/wp-content/plugins/vc-extensions-bundle/img/icon_cubebox.png
Reusing existing connection to oposicionesdeinfantilamedida.com:443.
HTTP request sent, awaiting response... 200 OK
Length: 1713 (1.7K) [image/png]
Saving to: `icon_cubebox.png'

     0K .                                                     100% 1.39M=0.001s

2021-11-09 20:36:07 (1.39 MB/s) - `icon_cubebox.png' saved [1713/1713]

--2021-11-09 20:36:07--  https://oposicionesdeinfantilamedida.com/site/wp-content/plugins/vc-extensions-bundle/img/icon_sidebyside.png
Reusing existing connection to oposicionesdeinfantilamedida.com:443.
HTTP request sent, awaiting response... 200 OK
Length: 1056 (1.0K) [image/png]
Saving to: `icon_sidebyside.png'

     0K .                                                     100%  574K=0.002s

2021-11-09 20:36:07 (574 KB/s) - `icon_sidebyside.png' saved [1056/1056]

--2021-11-09 20:36:07--  https://oposicionesdeinfantilamedida.com/site/wp-content/plugins/vc-extensions-bundle/img/icon_typewriter.png
Reusing existing connection to oposicionesdeinfantilamedida.com:443.
HTTP request sent, awaiting response... 200 OK
Length: 1931 (1.9K) [image/png]
Saving to: `icon_typewriter.png'

     0K .                                                     100% 1.23M=0.002s

2021-11-09 20:36:08 (1.23 MB/s) - `icon_typewriter.png' saved [1931/1931]

--2021-11-09 20:36:08--  https://oposicionesdeinfantilamedida.com/site/wp-content/plugins/vc-extensions-bundle/img/icon_sticker.png
Reusing existing connection to oposicionesdeinfantilamedida.com:443.
HTTP request sent, awaiting response... 200 OK
Length: 1584 (1.5K) [image/png]
Saving to: `icon_sticker.png'

     0K .                                                     100% 3.07M=0s

2021-11-09 20:36:08 (3.07 MB/s) - `icon_sticker.png' saved [1584/1584]

--2021-11-09 20:36:08--  https://oposicionesdeinfantilamedida.com/site/wp-content/plugins/vc-extensions-bundle/img/icon_imageoverlay.png
Reusing existing connection to oposicionesdeinfantilamedida.com:443.
HTTP request sent, awaiting response... 200 OK
Length: 1988 (1.9K) [image/png]
Saving to: `icon_imageoverlay.png'

     0K .                                                     100% 2.23M=0.001s

2021-11-09 20:36:08 (2.23 MB/s) - `icon_imageoverlay.png' saved [1988/1988]

--2021-11-09 20:36:08--  https://oposicionesdeinfantilamedida.com/site/wp-content/plugins/vc-extensions-bundle/img/icon_imageoverlay2.png
Reusing existing connection to oposicionesdeinfantilamedida.com:443.
HTTP request sent, awaiting response... 200 OK
Length: 1888 (1.8K) [image/png]
Saving to: `icon_imageoverlay2.png'

     0K .                                                     100% 1.00M=0.002s

2021-11-09 20:36:08 (1.00 MB/s) - `icon_imageoverlay2.png' saved [1888/1888]

--2021-11-09 20:36:08--  https://oposicionesdeinfantilamedida.com/site/wp-content/plugins/vc-extensions-bundle/img/icon_flipbox.png
Reusing existing connection to oposicionesdeinfantilamedida.com:443.
HTTP request sent, awaiting response... 200 OK
Length: 1387 (1.4K) [image/png]
Saving to: `icon_flipbox.png'

     0K .                                                     100%  857K=0.002s

2021-11-09 20:36:08 (857 KB/s) - `icon_flipbox.png' saved [1387/1387]

--2021-11-09 20:36:08--  https://oposicionesdeinfantilamedida.com/site/wp-content/plugins/vc-extensions-bundle/img/icon_bannerblock.png
Reusing existing connection to oposicionesdeinfantilamedida.com:443.
HTTP request sent, awaiting response... 200 OK
Length: 864 [image/png]
Saving to: `icon_bannerblock.png'

     0K                                                       100%  201M=0s

2021-11-09 20:36:09 (201 MB/s) - `icon_bannerblock.png' saved [864/864]

--2021-11-09 20:36:09--  https://oposicionesdeinfantilamedida.com/site/wp-content/plugins/vc-extensions-bundle/img/icon_beforeafter.png
Reusing existing connection to oposicionesdeinfantilamedida.com:443.
HTTP request sent, awaiting response... 200 OK
Length: 1397 (1.4K) [image/png]
Saving to: `icon_beforeafter.png'

     0K .                                                     100%  761K=0.002s

2021-11-09 20:36:09 (761 KB/s) - `icon_beforeafter.png' saved [1397/1397]

--2021-11-09 20:36:09--  https://oposicionesdeinfantilamedida.com/site/wp-content/plugins/vc-extensions-bundle/img/icon_compareslider.png
Reusing existing connection to oposicionesdeinfantilamedida.com:443.
HTTP request sent, awaiting response... 200 OK
Length: 1590 (1.6K) [image/png]
Saving to: `icon_compareslider.png'

     0K .                                                     100%  879K=0.002s

2021-11-09 20:36:09 (879 KB/s) - `icon_compareslider.png' saved [1590/1590]

--2021-11-09 20:36:09--  https://oposicionesdeinfantilamedida.com/site/wp-content/plugins/vc-extensions-bundle/img/icon_imageaccordion.png
Reusing existing connection to oposicionesdeinfantilamedida.com:443.
HTTP request sent, awaiting response... 200 OK
Length: 1639 (1.6K) [image/png]
Saving to: `icon_imageaccordion.png'

     0K .                                                     100%  908K=0.002s

2021-11-09 20:36:09 (908 KB/s) - `icon_imageaccordion.png' saved [1639/1639]

--2021-11-09 20:36:09--  https://oposicionesdeinfantilamedida.com/site/wp-content/plugins/vc-extensions-bundle/img/icon_profilepanel.png
Reusing existing connection to oposicionesdeinfantilamedida.com:443.
HTTP request sent, awaiting response... 200 OK
Length: 1345 (1.3K) [image/png]
Saving to: `icon_profilepanel.png'

     0K .                                                     100%  726K=0.002s

2021-11-09 20:36:09 (726 KB/s) - `icon_profilepanel.png' saved [1345/1345]

--2021-11-09 20:36:09--  https://oposicionesdeinfantilamedida.com/site/wp-content/plugins/vc-extensions-bundle/img/icon_videocover.png
Reusing existing connection to oposicionesdeinfantilamedida.com:443.
HTTP request sent, awaiting response... 200 OK
Length: 1487 (1.5K) [image/png]
Saving to: `icon_videocover.png'

     0K .                                                     100%  715K=0.002s

2021-11-09 20:36:10 (715 KB/s) - `icon_videocover.png' saved [1487/1487]

--2021-11-09 20:36:10--  https://oposicionesdeinfantilamedida.com/site/wp-content/plugins/vc-extensions-bundle/img/icon_stackblock.png
Reusing existing connection to oposicionesdeinfantilamedida.com:443.
HTTP request sent, awaiting response... 200 OK
Length: 888 [image/png]
Saving to: `icon_stackblock.png'

     0K                                                       100%  235M=0s

2021-11-09 20:36:10 (235 MB/s) - `icon_stackblock.png' saved [888/888]

--2021-11-09 20:36:10--  https://oposicionesdeinfantilamedida.com/site/wp-content/plugins/vc-extensions-bundle/img/icon_gradientbox.png
Reusing existing connection to oposicionesdeinfantilamedida.com:443.
HTTP request sent, awaiting response... 200 OK
Length: 1801 (1.8K) [image/png]
Saving to: `icon_gradientbox.png'

     0K .                                                     100% 1.07M=0.002s

2021-11-09 20:36:10 (1.07 MB/s) - `icon_gradientbox.png' saved [1801/1801]

--2021-11-09 20:36:10--  https://oposicionesdeinfantilamedida.com/site/wp-content/plugins/vc-extensions-bundle/img/icon_vectorcard.png
Reusing existing connection to oposicionesdeinfantilamedida.com:443.
HTTP request sent, awaiting response... 200 OK
Length: 772 [image/png]
Saving to: `icon_vectorcard.png'

     0K                                                       100%  175M=0s

2021-11-09 20:36:10 (175 MB/s) - `icon_vectorcard.png' saved [772/772]

FINISHED --2021-11-09 20:36:10--
Total wall clock time: 15s
Downloaded: 58 files, 350K in 1.3s (275 KB/s)
Converting index.html... 2-1
Converting load-styles.php@c=0&dir=ltr&load[]=dashicons,buttons,forms,l10n,login&ver=4.9.8.css... 7-0
Converting admin_icon.min.css@ver=4.9.8.css... 51-0
Converted 3 files in 0.01 seconds.
